<?xml version="1.0" encoding="UTF-8"?>
<testng-results skipped="0" failed="0" total="1" passed="1">
  <reporter-output>
  </reporter-output>
  <suite name="Default suite" duration-ms="61" started-at="2022-03-16T06:19:54Z" finished-at="2022-03-16T06:19:54Z">
    <groups>
    </groups>
    <test name="Default test" duration-ms="61" started-at="2022-03-16T06:19:54Z" finished-at="2022-03-16T06:19:54Z">
      <class name="createorgTest.CreateOrgTest">
        <test-method status="PASS" signature="createOrgTest()[pri:0, instance:createorgTest.CreateOrgTest@6d78f375]" name="createOrgTest" duration-ms="22" started-at="2022-03-16T11:49:54Z" finished-at="2022-03-16T11:49:54Z">
          <reporter-output>
          </reporter-output>
        </test-method> <!-- createOrgTest -->
      </class> <!-- createorgTest.CreateOrgTest -->
    </test> <!-- Default test -->
  </suite> <!-- Default suite -->
</testng-results>
